<?xml version="1.0" encoding="UTF-8"?>
<!-- Generated by org.testng.reporters.JUnitXMLReporter -->
<testsuite hostname="Dell" ignored="0" name="RestAssured TestCases" tests="33" failures="1" timestamp="23 Aug 2020 11:22:51 GMT" time="15.746" errors="0">
  <testcase name="checkContentEncoding" time="0.035" classname="com.employeeapi.testCases.TC001_Get_All_Employees"/>
  <testcase name="checkContentLength" time="0.01" classname="com.employeeapi.testCases.TC001_Get_All_Employees">
    <failure type="java.lang.NumberFormatException" message="null">
      <![CDATA[java.lang.NumberFormatException: null
at java.lang.Integer.parseInt(Integer.java:542)
at java.lang.Integer.parseInt(Integer.java:615)
at com.employeeapi.testCases.TC001_Get_All_Employees.checkContentLength(TC001_Get_All_Employees.java:91)
... Removed 25 stack frames]]>
    </failure>
  </testcase> <!-- checkContentLength -->
  <testcase name="checkContentType" time="0.012" classname="com.employeeapi.testCases.TC001_Get_All_Employees"/>
  <testcase name="checkCookies" time="0.021" classname="com.employeeapi.testCases.TC001_Get_All_Employees"/>
  <testcase name="checkResponseBody" time="0.063" classname="com.employeeapi.testCases.TC001_Get_All_Employees"/>
  <testcase name="checkResponseTime" time="0.017" classname="com.employeeapi.testCases.TC001_Get_All_Employees"/>
  <testcase name="checkServerType" time="0.009" classname="com.employeeapi.testCases.TC001_Get_All_Employees"/>
  <testcase name="checkStatusCode" time="0.009" classname="com.employeeapi.testCases.TC001_Get_All_Employees"/>
  <testcase name="checkStatusLine" time="0.008" classname="com.employeeapi.testCases.TC001_Get_All_Employees"/>
  <testcase name="checkContentLength" time="0.011" classname="com.employeeapi.testCases.TC002_Get_All_EmployeesByID"/>
  <testcase name="checkContentType" time="0.01" classname="com.employeeapi.testCases.TC002_Get_All_EmployeesByID"/>
  <testcase name="checkResponseBody" time="0.008" classname="com.employeeapi.testCases.TC002_Get_All_EmployeesByID"/>
  <testcase name="checkStatusCode" time="0.004" classname="com.employeeapi.testCases.TC002_Get_All_EmployeesByID"/>
  <testcase name="checkStatusLine" time="0.004" classname="com.employeeapi.testCases.TC002_Get_All_EmployeesByID"/>
  <testcase name="getResponseTime" time="0.003" classname="com.employeeapi.testCases.TC002_Get_All_EmployeesByID"/>
  <testcase name="checkContentLength" time="0.013" classname="com.employeeapi.testCases.TC003_POST_Add_Details"/>
  <testcase name="checkContentType" time="0.006" classname="com.employeeapi.testCases.TC003_POST_Add_Details"/>
  <testcase name="checkResponseBody" time="0.007" classname="com.employeeapi.testCases.TC003_POST_Add_Details"/>
  <testcase name="checkResponseTime" time="0.002" classname="com.employeeapi.testCases.TC003_POST_Add_Details"/>
  <testcase name="checkStatusCode" time="0.005" classname="com.employeeapi.testCases.TC003_POST_Add_Details"/>
  <testcase name="checkStatusLine" time="0.002" classname="com.employeeapi.testCases.TC003_POST_Add_Details"/>
  <testcase name="checkContentLength" time="0.004" classname="com.employeeapi.testCases.TC003_PUT_Update_Details"/>
  <testcase name="checkContentType" time="0.007" classname="com.employeeapi.testCases.TC003_PUT_Update_Details"/>
  <testcase name="checkResponseBody" time="0.003" classname="com.employeeapi.testCases.TC003_PUT_Update_Details"/>
  <testcase name="checkResponseTime" time="0.002" classname="com.employeeapi.testCases.TC003_PUT_Update_Details"/>
  <testcase name="checkStatusCode" time="0.004" classname="com.employeeapi.testCases.TC003_PUT_Update_Details"/>
  <testcase name="checkStatusLine" time="0.003" classname="com.employeeapi.testCases.TC003_PUT_Update_Details"/>
  <testcase name="checkContentLength" time="0.005" classname="com.employeeapi.testCases.TC005_DELETE_Employee_ByID"/>
  <testcase name="checkContentType" time="0.008" classname="com.employeeapi.testCases.TC005_DELETE_Employee_ByID"/>
  <testcase name="checkResponseBody" time="0.002" classname="com.employeeapi.testCases.TC005_DELETE_Employee_ByID"/>
  <testcase name="checkStatusCode" time="0.003" classname="com.employeeapi.testCases.TC005_DELETE_Employee_ByID"/>
  <testcase name="checkStatusLine" time="0.006" classname="com.employeeapi.testCases.TC005_DELETE_Employee_ByID"/>
  <testcase name="getResponseTime" time="0.003" classname="com.employeeapi.testCases.TC005_DELETE_Employee_ByID"/>
</testsuite> <!-- RestAssured TestCases -->
